Found a error in request: 
https://api.github.com//userszcbenzclient_id=4161a8257efaea420c94&client_secret=d814ec48927a6bd62c55c058cd028a949e5362d4
Error type: HTTP Error 404: Not Found

Found a error in request: 
https://api.github.com//usersarfonclient_id=4161a8257efaea420c94&client_secret=d814ec48927a6bd62c55c058cd028a949e5362d4
Error type: HTTP Error 404: Not Found

Found a error in request: 
https://api.github.com//userstechnoweenieclient_id=4161a8257efaea420c94&client_secret=d814ec48927a6bd62c55c058cd028a949e5362d4
Error type: HTTP Error 404: Not Found

Found a error in request: 
https://api.github.com//userstechnicalpicklesclient_id=4161a8257efaea420c94&client_secret=d814ec48927a6bd62c55c058cd028a949e5362d4
Error type: HTTP Error 404: Not Found

Found a error in request: 
https://api.github.com//userstechnoweenieclient_id=4161a8257efaea420c94&client_secret=d814ec48927a6bd62c55c058cd028a949e5362d4
Error type: HTTP Error 404: Not Found

Found a error in request: 
https://api.github.com/users/haobingwangclient_id=4161a8257efaea420c94&client_secret=d814ec48927a6bd62c55c058cd028a949e5362d4
Error type: HTTP Error 404: Not Found

Found a error in request: 
https://api.github.com/users/haobingwangclient_id=4161a8257efaea420c94&client_secret=d814ec48927a6bd62c55c058cd028a949e5362d4
Error type: HTTP Error 404: Not Found

Found a error in request: 
https://api.github.com/users/haobingwangclient_id=4161a8257efaea420c94&client_secret=d814ec48927a6bd62c55c058cd028a949e5362d4
Error type: HTTP Error 404: Not Found

Found a error in request: 
https://api.github.com/users/claytononeillclient_id=4161a8257efaea420c94&client_secret=d814ec48927a6bd62c55c058cd028a949e5362d4
Error type: HTTP Error 404: Not Found

